<?xml version="1.0" encoding="UTF-8"?>
<!-- Generated by org.testng.reporters.JUnitReportReporter -->
<testsuite skipped="0" hostname="DESKTOP-MP9K177" name="pack03.SnapdealSearchItems" tests="1" failures="0" timestamp="2021-02-28T12:52:30 IST" time="13.653" errors="0">
  <testcase name="loginSnapDeal" time="13.653" classname="pack03.SnapdealSearchItems"/>
</testsuite> <!-- pack03.SnapdealSearchItems -->
