<?xml version="1.0" encoding="UTF-8"?>
<!-- Generated by org.testng.reporters.JUnitReportReporter -->
<testsuite skipped="0" hostname="DESKTOP-MP9K177" name="pack02.MouseOver" tests="1" failures="0" timestamp="2021-02-27T12:03:58 IST" time="13.929" errors="0">
  <testcase name="mouseOverTest" time="13.929" classname="pack02.MouseOver"/>
</testsuite> <!-- pack02.MouseOver -->
