<?xml version="1.0" encoding="UTF-8"?>
<!-- Generated by org.testng.reporters.JUnitReportReporter -->
<testsuite skipped="0" hostname="DESKTOP-MP9K177" name="pack01.TC01" tests="1" failures="0" timestamp="2021-02-14T12:08:32 IST" time="7.564" errors="0">
  <testcase name="testCase01" time="7.564" classname="pack01.TC01"/>
</testsuite> <!-- pack01.TC01 -->
