<?xml version="1.0" encoding="UTF-8"?>
<!-- Generated by org.testng.reporters.JUnitReportReporter -->
<testsuite skipped="0" hostname="DESKTOP-MP9K177" name="org.spandeal.com.SnapdelLogin" tests="1" failures="0" timestamp="2021-03-14T12:00:09 IST" time="5.983" errors="0">
  <testcase name="snapdealLogin" time="5.983" classname="org.spandeal.com.SnapdelLogin"/>
</testsuite> <!-- org.spandeal.com.SnapdelLogin -->
