<?xml version="1.0" encoding="UTF-8"?>
<!-- Generated by org.testng.reporters.JUnitReportReporter -->
<testsuite skipped="0" hostname="LAPTOP-HDNA4VK7" name="pack02.TC01" tests="1" failures="0" timestamp="30 Jan 2021 09:54:15 GMT" time="0.011" errors="0">
  <testcase name="testCase01" time="0.011" classname="pack02.TC01"/>
</testsuite> <!-- pack02.TC01 -->
