<?xml version="1.0" encoding="UTF-8"?>
<!-- Generated by org.testng.reporters.JUnitReportReporter -->
<testsuite skipped="0" hostname="DESKTOP-MP9K177" name="march_13.TC01" tests="1" failures="0" timestamp="2021-03-13T12:48:25 IST" time="18.033" errors="0">
  <testcase name="initiateSearch" time="18.033" classname="march_13.TC01"/>
</testsuite> <!-- march_13.TC01 -->
