<?xml version="1.0" encoding="UTF-8"?>
<!-- Generated by org.testng.reporters.JUnitReportReporter -->
<testsuite skipped="0" hostname="DESKTOP-MP9K177" name="pack02.HandleSuggestionList" tests="1" failures="0" timestamp="2021-02-27T12:44:48 IST" time="16.694" errors="0">
  <testcase name="handleSuggestionList" time="16.694" classname="pack02.HandleSuggestionList"/>
</testsuite> <!-- pack02.HandleSuggestionList -->
