<?xml version="1.0" encoding="UTF-8"?>
<!-- Generated by org.testng.reporters.JUnitReportReporter -->
<testsuite skipped="0" hostname="DESKTOP-MP9K177" name="pack01.TC02" tests="1" failures="0" timestamp="2021-01-31T12:07:56 IST" time="6.446" errors="0">
  <testcase name="testCase01" time="6.446" classname="pack01.TC02"/>
</testsuite> <!-- pack01.TC02 -->
