<?xml version="1.0" encoding="UTF-8"?>
<!-- Generated by org.testng.reporters.JUnitReportReporter -->
<testsuite skipped="0" hostname="DESKTOP-MP9K177" name="pack02.TC01" tests="1" failures="0" timestamp="2021-01-31T12:48:10 IST" time="13.704" errors="0">
  <testcase name="testCase01" time="13.704" classname="pack02.TC01"/>
</testsuite> <!-- pack02.TC01 -->
